"C:/Users/Hoang/Documents/Unreal Projects/netWork_TH/Content/Mannequin/Character/Mesh/SK_Mannequin_PhysicsAsset.uasset" 0
"C:/Users/Hoang/Documents/Unreal Projects/netWork_TH/Content/Mannequin/Character/Mesh/SK_Mannequin_PhysicsAsset.uexp" 1
"C:/Users/Hoang/Documents/Unreal Projects/netWork_TH/Content/Mannequin/Character/Textures/T_UE4Logo_N.uasset" 2
"C:/Users/Hoang/Documents/Unreal Projects/netWork_TH/Content/Mannequin/Character/Textures/T_UE4Logo_N.uexp" 3
"C:/Users/Hoang/Documents/Unreal Projects/netWork_TH/Content/Mannequin/Character/Textures/T_UE4Logo_N.ubulk" 4
"C:/Users/Hoang/Documents/Unreal Projects/netWork_TH/Content/Mannequin/Character/Textures/T_Male_N.uasset" 5
"C:/Users/Hoang/Documents/Unreal Projects/netWork_TH/Content/Mannequin/Character/Textures/T_Male_N.uexp" 6
"C:/Users/Hoang/Documents/Unreal Projects/netWork_TH/Content/Mannequin/Character/Textures/T_Male_N.ubulk" 7
"C:/Users/Hoang/Documents/Unreal Projects/netWork_TH/Content/Mannequin/Character/Textures/T_Male_Mask.uasset" 8
"C:/Users/Hoang/Documents/Unreal Projects/netWork_TH/Content/Mannequin/Character/Textures/T_Male_Mask.uexp" 9
"C:/Users/Hoang/Documents/Unreal Projects/netWork_TH/Content/Mannequin/Character/Textures/T_Male_Mask.ubulk" 10
"C:/Users/Hoang/Documents/Unreal Projects/netWork_TH/Content/Mannequin/Character/Materials/MaterialLayers/T_ML_Rubber_Blue_01_N.uasset" 11
"C:/Users/Hoang/Documents/Unreal Projects/netWork_TH/Content/Mannequin/Character/Materials/MaterialLayers/T_ML_Rubber_Blue_01_N.uexp" 12
"C:/Users/Hoang/Documents/Unreal Projects/netWork_TH/Content/Mannequin/Character/Materials/MaterialLayers/T_ML_Rubber_Blue_01_N.ubulk" 13
"C:/Users/Hoang/Documents/Unreal Projects/netWork_TH/Content/Mannequin/Character/Materials/MaterialLayers/T_ML_Rubber_Blue_01_D.uasset" 14
"C:/Users/Hoang/Documents/Unreal Projects/netWork_TH/Content/Mannequin/Character/Materials/MaterialLayers/T_ML_Rubber_Blue_01_D.uexp" 15
"C:/Users/Hoang/Documents/Unreal Projects/netWork_TH/Content/Mannequin/Character/Materials/MaterialLayers/T_ML_Rubber_Blue_01_D.ubulk" 16
"C:/Users/Hoang/Documents/Unreal Projects/netWork_TH/Content/Mannequin/Character/Materials/MaterialLayers/T_ML_Aluminum01_N.uasset" 17
"C:/Users/Hoang/Documents/Unreal Projects/netWork_TH/Content/Mannequin/Character/Materials/MaterialLayers/T_ML_Aluminum01_N.uexp" 18
"C:/Users/Hoang/Documents/Unreal Projects/netWork_TH/Content/Mannequin/Character/Materials/MaterialLayers/T_ML_Aluminum01_N.ubulk" 19
"C:/Users/Hoang/Documents/Unreal Projects/netWork_TH/Content/Mannequin/Character/Materials/MaterialLayers/T_ML_Aluminum01.uasset" 20
"C:/Users/Hoang/Documents/Unreal Projects/netWork_TH/Content/Mannequin/Character/Materials/MaterialLayers/T_ML_Aluminum01.uexp" 21
"C:/Users/Hoang/Documents/Unreal Projects/netWork_TH/Content/Mannequin/Character/Materials/MaterialLayers/T_ML_Aluminum01.ubulk" 22
"C:/Users/Hoang/Documents/Unreal Projects/netWork_TH/Content/Mannequin/Character/Materials/MaterialLayers/ML_SoftMetal_UE4.uasset" 23
"C:/Users/Hoang/Documents/Unreal Projects/netWork_TH/Content/Mannequin/Character/Materials/MaterialLayers/ML_SoftMetal_UE4.uexp" 24
"C:/Users/Hoang/Documents/Unreal Projects/netWork_TH/Content/Mannequin/Character/Textures/T_UE4Logo_Mask.uasset" 25
"C:/Users/Hoang/Documents/Unreal Projects/netWork_TH/Content/Mannequin/Character/Textures/T_UE4Logo_Mask.uexp" 26
"C:/Users/Hoang/Documents/Unreal Projects/netWork_TH/Content/Mannequin/Character/Textures/T_UE4Logo_Mask.ubulk" 27
"C:/Users/Hoang/Documents/Unreal Projects/netWork_TH/Content/Mannequin/Character/Materials/MaterialLayers/ML_Plastic_Shiny_Beige_LOGO.uasset" 28
"C:/Users/Hoang/Documents/Unreal Projects/netWork_TH/Content/Mannequin/Character/Materials/MaterialLayers/ML_Plastic_Shiny_Beige_LOGO.uexp" 29
"C:/Users/Hoang/Documents/Unreal Projects/netWork_TH/Content/Mannequin/Character/Materials/MaterialLayers/ML_Plastic_Shiny_Beige.uasset" 30
"C:/Users/Hoang/Documents/Unreal Projects/netWork_TH/Content/Mannequin/Character/Materials/MaterialLayers/ML_Plastic_Shiny_Beige.uexp" 31
"C:/Users/Hoang/Documents/Unreal Projects/netWork_TH/Content/Mannequin/Character/Materials/MaterialLayers/ML_GlossyBlack_Latex_UE4.uasset" 32
"C:/Users/Hoang/Documents/Unreal Projects/netWork_TH/Content/Mannequin/Character/Materials/MaterialLayers/ML_GlossyBlack_Latex_UE4.uexp" 33
"../../../Engine/Content/Functions/MaterialLayerFunctions/MatLayerBlend_Simple.uasset" 34
"../../../Engine/Content/Functions/MaterialLayerFunctions/MatLayerBlend_Simple.uexp" 35
"../../../Engine/Content/Functions/Engine_MaterialFunctions02/Utility/BlendAngleCorrectedNormals.uasset" 36
"../../../Engine/Content/Functions/Engine_MaterialFunctions02/Utility/BlendAngleCorrectedNormals.uexp" 37
"../../../Engine/Content/Functions/MaterialLayerFunctions/MatLayerBlend_NormalBlend.uasset" 38
"../../../Engine/Content/Functions/MaterialLayerFunctions/MatLayerBlend_NormalBlend.uexp" 39
"C:/Users/Hoang/Documents/Unreal Projects/netWork_TH/Content/Mannequin/Character/Materials/M_Male_Body.uasset" 40
"C:/Users/Hoang/Documents/Unreal Projects/netWork_TH/Content/Mannequin/Character/Materials/M_Male_Body.uexp" 41
"C:/Users/Hoang/Documents/Unreal Projects/netWork_TH/Content/Mannequin/Character/Materials/M_UE4Man_ChestLogo.uasset" 42
"C:/Users/Hoang/Documents/Unreal Projects/netWork_TH/Content/Mannequin/Character/Materials/M_UE4Man_ChestLogo.uexp" 43
"C:/Users/Hoang/Documents/Unreal Projects/netWork_TH/Content/Mannequin/Character/Mesh/UE4_Mannequin_Skeleton.uasset" 44
"C:/Users/Hoang/Documents/Unreal Projects/netWork_TH/Content/Mannequin/Character/Mesh/UE4_Mannequin_Skeleton.uexp" 45
"C:/Users/Hoang/Documents/Unreal Projects/netWork_TH/Content/Mannequin/Character/Mesh/SK_Mannequin.uasset" 46
"C:/Users/Hoang/Documents/Unreal Projects/netWork_TH/Content/Mannequin/Character/Mesh/SK_Mannequin.uexp" 47
"C:/Users/Hoang/Documents/Unreal Projects/netWork_TH/Content/Mannequin/Animations/ThirdPersonWalk.uasset" 48
"C:/Users/Hoang/Documents/Unreal Projects/netWork_TH/Content/Mannequin/Animations/ThirdPersonWalk.uexp" 49
"C:/Users/Hoang/Documents/Unreal Projects/netWork_TH/Content/Mannequin/Animations/ThirdPersonRun.uasset" 50
"C:/Users/Hoang/Documents/Unreal Projects/netWork_TH/Content/Mannequin/Animations/ThirdPersonRun.uexp" 51
"C:/Users/Hoang/Documents/Unreal Projects/netWork_TH/Content/Mannequin/Animations/ThirdPersonIdle.uasset" 52
"C:/Users/Hoang/Documents/Unreal Projects/netWork_TH/Content/Mannequin/Animations/ThirdPersonIdle.uexp" 53
"C:/Users/Hoang/Documents/Unreal Projects/netWork_TH/Content/Mannequin/Animations/ThirdPerson_IdleRun_2D.uasset" 54
"C:/Users/Hoang/Documents/Unreal Projects/netWork_TH/Content/Mannequin/Animations/ThirdPerson_IdleRun_2D.uexp" 55
"C:/Users/Hoang/Documents/Unreal Projects/netWork_TH/Content/Mannequin/Animations/ThirdPerson_Jump.uasset" 56
"C:/Users/Hoang/Documents/Unreal Projects/netWork_TH/Content/Mannequin/Animations/ThirdPerson_Jump.uexp" 57
"C:/Users/Hoang/Documents/Unreal Projects/netWork_TH/Content/Mannequin/Animations/ThirdPersonJump_Start.uasset" 58
"C:/Users/Hoang/Documents/Unreal Projects/netWork_TH/Content/Mannequin/Animations/ThirdPersonJump_Start.uexp" 59
"C:/Users/Hoang/Documents/Unreal Projects/netWork_TH/Content/Mannequin/Animations/ThirdPersonJump_Loop.uasset" 60
"C:/Users/Hoang/Documents/Unreal Projects/netWork_TH/Content/Mannequin/Animations/ThirdPersonJump_Loop.uexp" 61
"../../../Engine/Content/EditorBlueprintResources/StandardMacros.uasset" 62
"../../../Engine/Content/EditorBlueprintResources/StandardMacros.uexp" 63
"C:/Users/Hoang/Documents/Unreal Projects/netWork_TH/Content/Mannequin/Animations/ThirdPerson_AnimBP.uasset" 64
"C:/Users/Hoang/Documents/Unreal Projects/netWork_TH/Content/Mannequin/Animations/ThirdPerson_AnimBP.uexp" 65
"C:/Users/Hoang/Documents/Unreal Projects/netWork_TH/Content/ThirdPersonBP/Blueprints/ThirdPersonCharacter.uasset" 66
"C:/Users/Hoang/Documents/Unreal Projects/netWork_TH/Content/ThirdPersonBP/Blueprints/ThirdPersonCharacter.uexp" 67
"C:/Users/Hoang/Documents/Unreal Projects/netWork_TH/Content/ThirdPersonBP/Blueprints/ThirdPersonGameMode.uasset" 68
"C:/Users/Hoang/Documents/Unreal Projects/netWork_TH/Content/ThirdPersonBP/Blueprints/ThirdPersonGameMode.uexp" 69
"C:/Users/Hoang/Documents/Unreal Projects/netWork_TH/Content/UI/AllLevels/ChatText.uasset" 70
"C:/Users/Hoang/Documents/Unreal Projects/netWork_TH/Content/UI/AllLevels/ChatText.uexp" 71
"C:/Users/Hoang/Documents/Unreal Projects/netWork_TH/Content/UI/AllLevels/ChatWindow.uasset" 72
"C:/Users/Hoang/Documents/Unreal Projects/netWork_TH/Content/UI/AllLevels/ChatWindow.uexp" 73
"C:/Users/Hoang/Documents/Unreal Projects/netWork_TH/Content/UI/AllLevels/GameplayChat.uasset" 74
"C:/Users/Hoang/Documents/Unreal Projects/netWork_TH/Content/UI/AllLevels/GameplayChat.uexp" 75
"C:/Users/Hoang/Documents/Unreal Projects/netWork_TH/Content/UI/Lobby/CharacterSelect.uasset" 76
"C:/Users/Hoang/Documents/Unreal Projects/netWork_TH/Content/UI/Lobby/CharacterSelect.uexp" 77
"C:/Users/Hoang/Documents/Unreal Projects/netWork_TH/Content/UI/Lobby/ConnectedPlayer.uasset" 78
"C:/Users/Hoang/Documents/Unreal Projects/netWork_TH/Content/UI/Lobby/ConnectedPlayer.uexp" 79
"C:/Users/Hoang/Documents/Unreal Projects/netWork_TH/Content/UI/Lobby/GameSettings.uasset" 80
"C:/Users/Hoang/Documents/Unreal Projects/netWork_TH/Content/UI/Lobby/GameSettings.uexp" 81
"C:/Users/Hoang/Documents/Unreal Projects/netWork_TH/Content/UI/Lobby/LobbyMenu.uasset" 82
"C:/Users/Hoang/Documents/Unreal Projects/netWork_TH/Content/UI/Lobby/LobbyMenu.uexp" 83
"C:/Users/Hoang/Documents/Unreal Projects/netWork_TH/Content/UI/Lobby/PlayerButton.uasset" 84
"C:/Users/Hoang/Documents/Unreal Projects/netWork_TH/Content/UI/Lobby/PlayerButton.uexp" 85
"C:/Users/Hoang/Documents/Unreal Projects/netWork_TH/Content/UI/MainMenu/ErrorDialogue.uasset" 86
"C:/Users/Hoang/Documents/Unreal Projects/netWork_TH/Content/UI/MainMenu/ErrorDialogue.uexp" 87
"../../../Engine/Content/Animation/DefaultAnimBoneCompressionSettings.uasset" 88
"../../../Engine/Content/Animation/DefaultAnimBoneCompressionSettings.uexp" 89
"../../../Engine/Content/Animation/DefaultAnimCurveCompressionSettings.uasset" 90
"../../../Engine/Content/Animation/DefaultAnimCurveCompressionSettings.uexp" 91
"../../../Engine/Content/EngineMaterials/T_Default_Material_Grid_N.uasset" 92
"../../../Engine/Content/EngineMaterials/T_Default_Material_Grid_N.uexp" 93
"../../../Engine/Content/EngineMaterials/T_Default_Material_Grid_N.ubulk" 94
"../../../Engine/Content/EngineMaterials/T_Default_Material_Grid_M.uasset" 95
"../../../Engine/Content/EngineMaterials/T_Default_Material_Grid_M.uexp" 96
"../../../Engine/Content/EngineMaterials/T_Default_Material_Grid_M.ubulk" 97
"../../../Engine/Content/Functions/Engine_MaterialFunctions01/Opacity/CameraDepthFade.uasset" 98
"../../../Engine/Content/Functions/Engine_MaterialFunctions01/Opacity/CameraDepthFade.uexp" 99
"../../../Engine/Content/EngineMaterials/WorldGridMaterial.uasset" 100
"../../../Engine/Content/EngineMaterials/WorldGridMaterial.uexp" 101
"../../../Engine/Content/ArtTools/RenderToTexture/Meshes/S_1_Unit_Plane.uasset" 102
"../../../Engine/Content/ArtTools/RenderToTexture/Meshes/S_1_Unit_Plane.uexp" 103
"../../../Engine/Content/EngineMaterials/DefaultMaterial.uasset" 104
"../../../Engine/Content/EngineMaterials/DefaultMaterial.uexp" 105
"../../../Engine/Content/BasicShapes/Cone.uasset" 106
"../../../Engine/Content/BasicShapes/Cone.uexp" 107
"../../../Engine/Content/BasicShapes/Cube.uasset" 108
"../../../Engine/Content/BasicShapes/Cube.uexp" 109
"../../../Engine/Content/BasicShapes/Plane.uasset" 110
"../../../Engine/Content/BasicShapes/Plane.uexp" 111
"../../../Engine/Content/BasicShapes/Sphere.uasset" 112
"../../../Engine/Content/BasicShapes/Sphere.uexp" 113
"../../../Engine/Content/EditorLandscapeResources/DataLayer.uasset" 114
"../../../Engine/Content/EditorLandscapeResources/DataLayer.uexp" 115
"../../../Engine/Content/EditorLandscapeResources/DefaultAlphaTexture.uasset" 116
"../../../Engine/Content/EditorLandscapeResources/DefaultAlphaTexture.uexp" 117
"../../../Engine/Content/EditorMaterials/MAT_Groups_Toggle.uasset" 118
"../../../Engine/Content/EditorMaterials/MAT_Groups_Toggle.uexp" 119
"../../../Engine/Content/EditorMaterials/MAT_Groups_Visibility.uasset" 120
"../../../Engine/Content/EditorMaterials/MAT_Groups_Visibility.uexp" 121
"../../../Engine/Content/EditorMaterials/PreviewShadowIndicator.uasset" 122
"../../../Engine/Content/EditorMaterials/PreviewShadowIndicator.uexp" 123
"../../../Engine/Content/EditorMaterials/PreviewShadowIndicator.ubulk" 124
"../../../Engine/Content/EditorMaterials/PreviewShadowIndicatorMaterial.uasset" 125
"../../../Engine/Content/EditorMaterials/PreviewShadowIndicatorMaterial.uexp" 126
"../../../Engine/Content/EditorMaterials/MatineeGroups/MAT_ColorTrack.uasset" 127
"../../../Engine/Content/EditorMaterials/MatineeGroups/MAT_ColorTrack.uexp" 128
"../../../Engine/Content/EditorMaterials/MatineeGroups/MAT_Groups_Anim.uasset" 129
"../../../Engine/Content/EditorMaterials/MatineeGroups/MAT_Groups_Anim.uexp" 130
"../../../Engine/Content/EditorMaterials/MatineeGroups/MAT_Groups_AudioMaster.uasset" 131
"../../../Engine/Content/EditorMaterials/MatineeGroups/MAT_Groups_AudioMaster.uexp" 132
"../../../Engine/Content/EditorMaterials/MatineeGroups/MAT_Groups_Director.uasset" 133
"../../../Engine/Content/EditorMaterials/MatineeGroups/MAT_Groups_Director.uexp" 134
"../../../Engine/Content/EditorMaterials/MatineeGroups/MAT_Groups_Event.uasset" 135
"../../../Engine/Content/EditorMaterials/MatineeGroups/MAT_Groups_Event.uexp" 136
"../../../Engine/Content/EditorMaterials/MatineeGroups/MAT_Groups_Fade.uasset" 137
"../../../Engine/Content/EditorMaterials/MatineeGroups/MAT_Groups_Fade.uexp" 138
"../../../Engine/Content/EditorMaterials/MatineeGroups/MAT_Groups_Float.uasset" 139
"../../../Engine/Content/EditorMaterials/MatineeGroups/MAT_Groups_Float.uexp" 140
"../../../Engine/Content/EditorMaterials/MatineeGroups/MAT_Groups_Move.uasset" 141
"../../../Engine/Content/EditorMaterials/MatineeGroups/MAT_Groups_Move.uexp" 142
"../../../Engine/Content/EditorMaterials/MatineeGroups/MAT_Groups_Slomo.uasset" 143
"../../../Engine/Content/EditorMaterials/MatineeGroups/MAT_Groups_Slomo.uexp" 144
"../../../Engine/Content/EditorMaterials/MatineeGroups/MAT_Groups_Sound.uasset" 145
"../../../Engine/Content/EditorMaterials/MatineeGroups/MAT_Groups_Sound.uexp" 146
"../../../Engine/Content/EditorMaterials/MatineeGroups/MAT_Groups_Vector.uasset" 147
"../../../Engine/Content/EditorMaterials/MatineeGroups/MAT_Groups_Vector.uexp" 148
"../../../Engine/Content/EditorMaterials/ParticleSystems/PSysThumbnail_NoImage.uasset" 149
"../../../Engine/Content/EditorMaterials/ParticleSystems/PSysThumbnail_NoImage.uexp" 150
"../../../Engine/Content/EditorMaterials/ParticleSystems/PSysThumbnail_NoImage.ubulk" 151
"../../../Engine/Content/EditorMaterials/ParticleSystems/PSysThumbnail_OOD.uasset" 152
"../../../Engine/Content/EditorMaterials/ParticleSystems/PSysThumbnail_OOD.uexp" 153
"../../../Engine/Content/EditorMaterials/ParticleSystems/PSysThumbnail_OOD.ubulk" 154
"../../../Engine/Content/EditorMaterials/Camera/CineMat.uasset" 155
"../../../Engine/Content/EditorMaterials/Camera/CineMat.uexp" 156
"../../../Engine/Content/EditorMaterials/Camera/MI_CineMat_Rig.uasset" 157
"../../../Engine/Content/EditorMaterials/Camera/MI_CineMat_Rig.uexp" 158
"../../../Engine/Content/EditorMeshes/Camera/SM_CraneRig_Arm.uasset" 159
"../../../Engine/Content/EditorMeshes/Camera/SM_CraneRig_Arm.uexp" 160
"../../../Engine/Content/EditorMeshes/Camera/SM_CraneRig_Base.uasset" 161
"../../../Engine/Content/EditorMeshes/Camera/SM_CraneRig_Base.uexp" 162
"../../../Engine/Content/EditorMeshes/Camera/SM_CraneRig_Body.uasset" 163
"../../../Engine/Content/EditorMeshes/Camera/SM_CraneRig_Body.uexp" 164
"../../../Engine/Content/EditorMeshes/Camera/SM_CraneRig_Mount.uasset" 165
"../../../Engine/Content/EditorMeshes/Camera/SM_CraneRig_Mount.uexp" 166
"../../../Engine/Content/EditorMeshes/Camera/SM_RailRig_Mount.uasset" 167
"../../../Engine/Content/EditorMeshes/Camera/SM_RailRig_Mount.uexp" 168
"../../../Engine/Content/EditorMeshes/Camera/SM_RailRig_Track.uasset" 169
"../../../Engine/Content/EditorMeshes/Camera/SM_RailRig_Track.uexp" 170
"../../../Engine/Content/EditorResources/BSPVertex.uasset" 171
"../../../Engine/Content/EditorResources/BSPVertex.uexp" 172
"../../../Engine/Content/EditorResources/EmptyActor.uasset" 173
"../../../Engine/Content/EditorResources/EmptyActor.uexp" 174
"../../../Engine/Content/EditorResources/S_Actor.uasset" 175
"../../../Engine/Content/EditorResources/S_Actor.uexp" 176
"../../../Engine/Content/EditorResources/S_Actor.ubulk" 177
"../../../Engine/Content/EditorResources/S_Note.uasset" 178
"../../../Engine/Content/EditorResources/S_Note.uexp" 179
"../../../Engine/Content/EditorResources/S_Note.ubulk" 180
"../../../Engine/Content/EditorResources/S_Solver.uasset" 181
"../../../Engine/Content/EditorResources/S_Solver.uexp" 182
"../../../Engine/Content/EditorResources/S_Solver.ubulk" 183
"../../../Engine/Content/EditorResources/S_Terrain.uasset" 184
"../../../Engine/Content/EditorResources/S_Terrain.uexp" 185
"../../../Engine/Content/EditorResources/S_Terrain.ubulk" 186
"../../../Engine/Content/EditorResources/S_Trigger.uasset" 187
"../../../Engine/Content/EditorResources/S_Trigger.uexp" 188
"../../../Engine/Content/EditorResources/S_Trigger.ubulk" 189
"../../../Engine/Content/EditorResources/LightIcons/S_LightError.uasset" 190
"../../../Engine/Content/EditorResources/LightIcons/S_LightError.uexp" 191
"../../../Engine/Content/EditorResources/SequenceRecorder/Countdown.uasset" 192
"../../../Engine/Content/EditorResources/SequenceRecorder/Countdown.uexp" 193
"../../../Engine/Content/EditorResources/SequenceRecorder/RecordingIndicator.uasset" 194
"../../../Engine/Content/EditorResources/SequenceRecorder/RecordingIndicator.uexp" 195
"../../../Engine/Content/EngineDamageTypes/DmgTypeBP_Environmental.uasset" 196
"../../../Engine/Content/EngineDamageTypes/DmgTypeBP_Environmental.uexp" 197
"../../../Engine/Content/EngineDebugMaterials/DebugEditorMaterial.uasset" 198
"../../../Engine/Content/EngineDebugMaterials/DebugEditorMaterial.uexp" 199
"../../../Engine/Content/EngineDebugMaterials/DebugMeshMaterial.uasset" 200
"../../../Engine/Content/EngineDebugMaterials/DebugMeshMaterial.uexp" 201
"../../../Engine/Content/EngineDebugMaterials/M_SimpleUnlitTranslucent.uasset" 202
"../../../Engine/Content/EngineDebugMaterials/M_SimpleUnlitTranslucent.uexp" 203
"../../../Engine/Content/EngineDebugMaterials/VolumeToRender.uasset" 204
"../../../Engine/Content/EngineDebugMaterials/VolumeToRender.uexp" 205
"../../../Engine/Content/Functions/Engine_MaterialFunctions02/Utility/CameraDirectionVector.uasset" 206
"../../../Engine/Content/Functions/Engine_MaterialFunctions02/Utility/CameraDirectionVector.uexp" 207
"../../../Engine/Content/EngineDebugMaterials/M_VolumeRenderSphereTracePP.uasset" 208
"../../../Engine/Content/EngineDebugMaterials/M_VolumeRenderSphereTracePP.uexp" 209
"../../../Engine/Content/Functions/Engine_MaterialFunctions01/Shading/ConvertFromDiffSpec.uasset" 210
"../../../Engine/Content/Functions/Engine_MaterialFunctions01/Shading/ConvertFromDiffSpec.uexp" 211
"../../../Engine/Content/EngineDebugMaterials/VertexColorMaterial.uasset" 212
"../../../Engine/Content/EngineDebugMaterials/VertexColorMaterial.uexp" 213
"../../../Engine/Content/EngineDebugMaterials/WireframeMaterial.uasset" 214
"../../../Engine/Content/EngineDebugMaterials/WireframeMaterial.uexp" 215
"../../../Engine/Content/EngineFonts/Faces/RobotoRegular.uasset" 216
"../../../Engine/Content/EngineFonts/Faces/RobotoRegular.uexp" 217
"../../../Engine/Content/EngineFonts/Faces/RobotoRegular.ufont" 218
"../../../Engine/Content/EngineFonts/Faces/RobotoLight.uasset" 219
"../../../Engine/Content/EngineFonts/Faces/RobotoLight.uexp" 220
"../../../Engine/Content/EngineFonts/Faces/RobotoLight.ufont" 221
"../../../Engine/Content/EngineFonts/Faces/RobotoItalic.uasset" 222
"../../../Engine/Content/EngineFonts/Faces/RobotoItalic.uexp" 223
"../../../Engine/Content/EngineFonts/Faces/RobotoItalic.ufont" 224
"../../../Engine/Content/EngineFonts/Faces/RobotoBoldItalic.uasset" 225
"../../../Engine/Content/EngineFonts/Faces/RobotoBoldItalic.uexp" 226
"../../../Engine/Content/EngineFonts/Faces/RobotoBoldItalic.ufont" 227
"../../../Engine/Content/EngineFonts/Faces/RobotoBold.uasset" 228
"../../../Engine/Content/EngineFonts/Faces/RobotoBold.uexp" 229
"../../../Engine/Content/EngineFonts/Faces/RobotoBold.ufont" 230
"../../../Engine/Content/EngineFonts/Faces/DroidSansFallback.uasset" 231
"../../../Engine/Content/EngineFonts/Faces/DroidSansFallback.uexp" 232
"../../../Engine/Content/EngineFonts/Faces/DroidSansFallback.ufont" 233
"../../../Engine/Content/EngineFonts/Roboto.uasset" 234
"../../../Engine/Content/EngineFonts/Roboto.uexp" 235
"../../../Engine/Content/EngineMaterials/BaseFlattenNormalMap.uasset" 236
"../../../Engine/Content/EngineMaterials/BaseFlattenNormalMap.uexp" 237
"../../../Engine/Content/EngineMaterials/BaseFlattenGrayscaleMap.uasset" 238
"../../../Engine/Content/EngineMaterials/BaseFlattenGrayscaleMap.uexp" 239
"../../../Engine/Content/EngineMaterials/BaseFlattenEmissiveMap.uasset" 240
"../../../Engine/Content/EngineMaterials/BaseFlattenEmissiveMap.uexp" 241
"../../../Engine/Content/EngineMaterials/BaseFlattenDiffuseMap.uasset" 242
"../../../Engine/Content/EngineMaterials/BaseFlattenDiffuseMap.uexp" 243
"../../../Engine/Content/EngineMaterials/BaseFlattenMaterial.uasset" 244
"../../../Engine/Content/EngineMaterials/BaseFlattenMaterial.uexp" 245
"../../../Engine/Content/EngineMaterials/BlueNoise.uasset" 246
"../../../Engine/Content/EngineMaterials/BlueNoise.uexp" 247
"../../../Engine/Content/EngineMaterials/DefaultBloomKernel.uasset" 248
"../../../Engine/Content/EngineMaterials/DefaultBloomKernel.uexp" 249
"../../../Engine/Content/EngineMaterials/DefaultBokeh.uasset" 250
"../../../Engine/Content/EngineMaterials/DefaultBokeh.uexp" 251
"../../../Engine/Content/EngineMaterials/DefaultDiffuse.uasset" 252
"../../../Engine/Content/EngineMaterials/DefaultDiffuse.uexp" 253
"../../../Engine/Content/EngineMaterials/DefaultDiffuse.ubulk" 254
"../../../Engine/Content/EngineMaterials/DefaultDeferredDecalMaterial.uasset" 255
"../../../Engine/Content/EngineMaterials/DefaultDeferredDecalMaterial.uexp" 256
"../../../Engine/Content/EngineMaterials/DefaultLightFunctionMaterial.uasset" 257
"../../../Engine/Content/EngineMaterials/DefaultLightFunctionMaterial.uexp" 258
"../../../Engine/Content/EngineMaterials/DefaultPhysicalMaterial.uasset" 259
"../../../Engine/Content/EngineMaterials/DefaultPhysicalMaterial.uexp" 260
"../../../Engine/Content/Functions/Engine_MaterialFunctions02/Utility/BreakOutFloat2Components.uasset" 261
"../../../Engine/Content/Functions/Engine_MaterialFunctions02/Utility/BreakOutFloat2Components.uexp" 262
"../../../Engine/Content/EngineMaterials/DefaultPostProcessMaterial.uasset" 263
"../../../Engine/Content/EngineMaterials/DefaultPostProcessMaterial.uexp" 264
"../../../Engine/Content/EngineFonts/RobotoDistanceField.uasset" 265
"../../../Engine/Content/EngineFonts/RobotoDistanceField.uexp" 266
"../../../Engine/Content/EngineMaterials/DefaultTextMaterialOpaque.uasset" 267
"../../../Engine/Content/EngineMaterials/DefaultTextMaterialOpaque.uexp" 268
"../../../Engine/Content/EngineMaterials/DefaultWhiteGrid.uasset" 269
"../../../Engine/Content/EngineMaterials/DefaultWhiteGrid.uexp" 270
"../../../Engine/Content/EngineMaterials/DefaultWhiteGrid.ubulk" 271
"../../../Engine/Content/EngineMaterials/DefaultWhiteGrid_Low.uasset" 272
"../../../Engine/Content/EngineMaterials/DefaultWhiteGrid_Low.uexp" 273
"../../../Engine/Content/EngineMaterials/EmissiveMeshMaterial.uasset" 274
"../../../Engine/Content/EngineMaterials/EmissiveMeshMaterial.uexp" 275
"../../../Engine/Content/EngineMaterials/GizmoMaterial.uasset" 276
"../../../Engine/Content/EngineMaterials/GizmoMaterial.uexp" 277
"../../../Engine/Content/EngineMaterials/Good64x64TilingNoiseHighFreq.uasset" 278
"../../../Engine/Content/EngineMaterials/Good64x64TilingNoiseHighFreq.uexp" 279
"../../../Engine/Content/EngineMaterials/MiniFont.uasset" 280
"../../../Engine/Content/EngineMaterials/MiniFont.uexp" 281
"../../../Engine/Content/EngineMaterials/InvalidLightmapSettings.uasset" 282
"../../../Engine/Content/EngineMaterials/InvalidLightmapSettings.uexp" 283
"../../../Engine/Content/EngineMaterials/InvalidLightmapSettings.ubulk" 284
"../../../Engine/Content/EngineMaterials/M_InvalidLightmapSettings.uasset" 285
"../../../Engine/Content/EngineMaterials/M_InvalidLightmapSettings.uexp" 286
"../../../Engine/Content/Functions/Engine_MaterialFunctions02/WorldPositionOffset/CameraOffset.uasset" 287
"../../../Engine/Content/Functions/Engine_MaterialFunctions02/WorldPositionOffset/CameraOffset.uexp" 288
"../../../Engine/Content/EngineMaterials/PhAT_JointLimitMaterial.uasset" 289
"../../../Engine/Content/EngineMaterials/PhAT_JointLimitMaterial.uexp" 290
"../../../Engine/Content/EngineMaterials/DefaultCalibrationColor.uasset" 291
"../../../Engine/Content/EngineMaterials/DefaultCalibrationColor.uexp" 292
"../../../Engine/Content/EngineMaterials/PPM_DefaultCalibrationColor.uasset" 293
"../../../Engine/Content/EngineMaterials/PPM_DefaultCalibrationColor.uexp" 294
"../../../Engine/Content/EngineMaterials/DefaultCalibrationGrayscale.uasset" 295
"../../../Engine/Content/EngineMaterials/DefaultCalibrationGrayscale.uexp" 296
"../../../Engine/Content/EngineMaterials/PPM_DefaultCalibrationGrayscale.uasset" 297
"../../../Engine/Content/EngineMaterials/PPM_DefaultCalibrationGrayscale.uexp" 298
"../../../Engine/Content/EngineMaterials/PreintegratedSkinBRDF.uasset" 299
"../../../Engine/Content/EngineMaterials/PreintegratedSkinBRDF.uexp" 300
"../../../Engine/Content/EngineMaterials/RemoveSurfaceMaterial.uasset" 301
"../../../Engine/Content/EngineMaterials/RemoveSurfaceMaterial.uexp" 302
"../../../Engine/Content/EngineMaterials/WeightMapPlaceholderTexture.uasset" 303
"../../../Engine/Content/EngineMaterials/WeightMapPlaceholderTexture.uexp" 304
"../../../Engine/Content/EngineResources/WhiteSquareTexture.uasset" 305
"../../../Engine/Content/EngineResources/WhiteSquareTexture.uexp" 306
"../../../Engine/Content/EngineMaterials/Widget3DPassThrough.uasset" 307
"../../../Engine/Content/EngineMaterials/Widget3DPassThrough.uexp" 308
"../../../Engine/Content/EngineMaterials/Widget3DPassThrough_Masked.uasset" 309
"../../../Engine/Content/EngineMaterials/Widget3DPassThrough_Masked.uexp" 310
"../../../Engine/Content/EngineMaterials/Widget3DPassThrough_Opaque.uasset" 311
"../../../Engine/Content/EngineMaterials/Widget3DPassThrough_Opaque.uexp" 312
"../../../Engine/Content/EngineMaterials/Widget3DPassThrough_Masked_OneSided.uasset" 313
"../../../Engine/Content/EngineMaterials/Widget3DPassThrough_Masked_OneSided.uexp" 314
"../../../Engine/Content/EngineMaterials/Widget3DPassThrough_Opaque_OneSided.uasset" 315
"../../../Engine/Content/EngineMaterials/Widget3DPassThrough_Opaque_OneSided.uexp" 316
"../../../Engine/Content/EngineMaterials/Widget3DPassThrough_Translucent.uasset" 317
"../../../Engine/Content/EngineMaterials/Widget3DPassThrough_Translucent.uexp" 318
"../../../Engine/Content/EngineMaterials/Widget3DPassThrough_Translucent_OneSided.uasset" 319
"../../../Engine/Content/EngineMaterials/Widget3DPassThrough_Translucent_OneSided.uexp" 320
"../../../Engine/Content/EngineMeshes/Cylinder.uasset" 321
"../../../Engine/Content/EngineMeshes/Cylinder.uexp" 322
"../../../Engine/Content/EngineMeshes/Sphere.uasset" 323
"../../../Engine/Content/EngineMeshes/Sphere.uexp" 324
"../../../Engine/Content/EngineResources/DefaultTexture.uasset" 325
"../../../Engine/Content/EngineResources/DefaultTexture.uexp" 326
"../../../Engine/Content/EngineResources/DefaultTexture.ubulk" 327
"../../../Engine/Content/EngineResources/DefaultTextureCube.uasset" 328
"../../../Engine/Content/EngineResources/DefaultTextureCube.uexp" 329
"../../../Engine/Content/EngineResources/DefaultVolumeTexture2D.uasset" 330
"../../../Engine/Content/EngineResources/DefaultVolumeTexture2D.uexp" 331
"../../../Engine/Content/EngineResources/DefaultVolumeTexture.uasset" 332
"../../../Engine/Content/EngineResources/DefaultVolumeTexture.uexp" 333
"../../../Engine/Content/EngineResources/GradientTexture0.uasset" 334
"../../../Engine/Content/EngineResources/GradientTexture0.uexp" 335
"../../../Engine/Content/EngineSky/VolumetricClouds/T_NoiseShape64.uasset" 336
"../../../Engine/Content/EngineSky/VolumetricClouds/T_NoiseShape64.uexp" 337
"../../../Engine/Content/EngineSky/VolumetricClouds/T_NoiseShape64.ubulk" 338
"../../../Engine/Content/EngineSky/VolumetricClouds/T_VolumeNoiseShape64.uasset" 339
"../../../Engine/Content/EngineSky/VolumetricClouds/T_VolumeNoiseShape64.uexp" 340
"../../../Engine/Content/EngineSky/VolumetricClouds/T_NoiseErosion.uasset" 341
"../../../Engine/Content/EngineSky/VolumetricClouds/T_NoiseErosion.uexp" 342
"../../../Engine/Content/EngineSky/VolumetricClouds/T_NoiseErosion.ubulk" 343
"../../../Engine/Content/EngineSky/VolumetricClouds/T_VolumeNoiseErosion32.uasset" 344
"../../../Engine/Content/EngineSky/VolumetricClouds/T_VolumeNoiseErosion32.uexp" 345
"../../../Engine/Content/EngineSky/VolumetricClouds/CloudWeatherTexture.uasset" 346
"../../../Engine/Content/EngineSky/VolumetricClouds/CloudWeatherTexture.uexp" 347
"../../../Engine/Content/EngineSky/VolumetricClouds/CloudGradientTexture.uasset" 348
"../../../Engine/Content/EngineSky/VolumetricClouds/CloudGradientTexture.uexp" 349
"../../../Engine/Content/Functions/Engine_MaterialFunctions02/Utility/MakeFloat2.uasset" 350
"../../../Engine/Content/Functions/Engine_MaterialFunctions02/Utility/MakeFloat2.uexp" 351
"../../../Engine/Content/EngineSky/VolumetricClouds/m_SimpleVolumetricCloud.uasset" 352
"../../../Engine/Content/EngineSky/VolumetricClouds/m_SimpleVolumetricCloud.uexp" 353
"../../../Engine/Content/EngineSky/VolumetricClouds/m_SimpleVolumetricCloud_Inst.uasset" 354
"../../../Engine/Content/EngineSky/VolumetricClouds/m_SimpleVolumetricCloud_Inst.uexp" 355
"../../../Engine/Content/EngineSounds/Master.uasset" 356
"../../../Engine/Content/EngineSounds/Master.uexp" 357
"../../../Engine/Content/Functions/Engine_MaterialFunctions01/Shading/PowerToRoughness.uasset" 358
"../../../Engine/Content/Functions/Engine_MaterialFunctions01/Shading/PowerToRoughness.uexp" 359
"../../../Engine/Content/Maps/Templates/Thumbnails/Default.uasset" 360
"../../../Engine/Content/Maps/Templates/Thumbnails/Default.uexp" 361
"../../../Engine/Content/Maps/Templates/Thumbnails/TimeOfDay.uasset" 362
"../../../Engine/Content/Maps/Templates/Thumbnails/TimeOfDay.uexp" 363
"../../../Engine/Content/Maps/Templates/Thumbnails/VR-Basic.uasset" 364
"../../../Engine/Content/Maps/Templates/Thumbnails/VR-Basic.uexp" 365
"../../../Engine/Content/MobileResources/T_MobileControls_texture.uasset" 366
"../../../Engine/Content/MobileResources/T_MobileControls_texture.uexp" 367
"../../../Engine/Content/MobileResources/T_MobileMenu2.uasset" 368
"../../../Engine/Content/MobileResources/T_MobileMenu2.uexp" 369
"../../../Engine/Content/MobileResources/HUD/AnalogHat.uasset" 370
"../../../Engine/Content/MobileResources/HUD/AnalogHat.uexp" 371
"../../../Engine/Content/MobileResources/HUD/VirtualJoystick_Thumb.uasset" 372
"../../../Engine/Content/MobileResources/HUD/VirtualJoystick_Thumb.uexp" 373
"../../../Engine/Content/MobileResources/HUD/VirtualJoystick_Background.uasset" 374
"../../../Engine/Content/MobileResources/HUD/VirtualJoystick_Background.uexp" 375
"../../../Engine/Content/MobileResources/HUD/DefaultVirtualJoysticks.uasset" 376
"../../../Engine/Content/MobileResources/HUD/DefaultVirtualJoysticks.uexp" 377
"../../../Engine/Content/MobileResources/HUD/LeftVirtualJoystickOnly.uasset" 378
"../../../Engine/Content/MobileResources/HUD/LeftVirtualJoystickOnly.uexp" 379
"../../../Engine/Content/MobileResources/HUD/MobileHUDButton1_off.uasset" 380
"../../../Engine/Content/MobileResources/HUD/MobileHUDButton1_off.uexp" 381
"../../../Engine/Content/MobileResources/HUD/MobileHUDButton1_on.uasset" 382
"../../../Engine/Content/MobileResources/HUD/MobileHUDButton1_on.uexp" 383
"../../../Engine/Content/MobileResources/HUD/MobileHUDButton2_off.uasset" 384
"../../../Engine/Content/MobileResources/HUD/MobileHUDButton2_off.uexp" 385
"../../../Engine/Content/MobileResources/HUD/MobileHUDButton2_on.uasset" 386
"../../../Engine/Content/MobileResources/HUD/MobileHUDButton2_on.uexp" 387
"../../../Engine/Content/MobileResources/HUD/MobileHUDButton3.uasset" 388
"../../../Engine/Content/MobileResources/HUD/MobileHUDButton3.uexp" 389
"../../../Engine/Content/MobileResources/HUD/MobileHUDButtonFire.uasset" 390
"../../../Engine/Content/MobileResources/HUD/MobileHUDButtonFire.uexp" 391
"../../../Engine/Content/MobileResources/HUD/MobileHUDDirectionPad.uasset" 392
"../../../Engine/Content/MobileResources/HUD/MobileHUDDirectionPad.uexp" 393
"../../../Engine/Content/MobileResources/HUD/MobileHUDDirectionPad2.uasset" 394
"../../../Engine/Content/MobileResources/HUD/MobileHUDDirectionPad2.uexp" 395
"../../../Engine/Content/MobileResources/HUD/MobileHUDDirectionPad3.uasset" 396
"../../../Engine/Content/MobileResources/HUD/MobileHUDDirectionPad3.uexp" 397
"../../../Engine/Content/MobileResources/HUD/MobileHUDDirectionStick.uasset" 398
"../../../Engine/Content/MobileResources/HUD/MobileHUDDirectionStick.uexp" 399
"../../../Engine/Content/MobileResources/HUD/T_Castle_ThumbstickInner.uasset" 400
"../../../Engine/Content/MobileResources/HUD/T_Castle_ThumbstickInner.uexp" 401
"../../../Engine/Content/MobileResources/HUD/T_Castle_ThumbstickOutter.uasset" 402
"../../../Engine/Content/MobileResources/HUD/T_Castle_ThumbstickOutter.uexp" 403
"../../../Engine/Content/Tutorial/ContentIntroCurve.uasset" 404
"../../../Engine/Content/Tutorial/ContentIntroCurve.uexp" 405
"../../../Engine/Content/Tutorial/Basics/TutorialAssets/icon_tab_Levels_40x.uasset" 406
"../../../Engine/Content/Tutorial/Basics/TutorialAssets/icon_tab_Levels_40x.uexp" 407
"../../../Engine/Content/VREditor/TransformGizmo/TranslucentTransformGizmoMaterial.uasset" 408
"../../../Engine/Content/VREditor/TransformGizmo/TranslucentTransformGizmoMaterial.uexp" 409
"../../../Engine/Content/VREditor/LaserPointer/VR_LaserPower_01.uasset" 410
"../../../Engine/Content/VREditor/LaserPointer/VR_LaserPower_01.uexp" 411
"../../../Engine/Content/VREditor/LaserPointer/VR_LaserPower_01.ubulk" 412
"../../../Engine/Content/VREditor/TransformGizmo/TransformGizmoMaterial.uasset" 413
"../../../Engine/Content/VREditor/TransformGizmo/TransformGizmoMaterial.uexp" 414
"../../../Engine/Content/VREditor/TransformGizmo/BoundingBoxCorner.uasset" 415
"../../../Engine/Content/VREditor/TransformGizmo/BoundingBoxCorner.uexp" 416
"../../../Engine/Content/VREditor/TransformGizmo/BoundingBoxEdge.uasset" 417
"../../../Engine/Content/VREditor/TransformGizmo/BoundingBoxEdge.uexp" 418
"../../../Engine/Content/VREditor/TransformGizmo/PlaneTranslationHandle.uasset" 419
"../../../Engine/Content/VREditor/TransformGizmo/PlaneTranslationHandle.uexp" 420
"../../../Engine/Content/VREditor/TransformGizmo/Xray.uasset" 421
"../../../Engine/Content/VREditor/TransformGizmo/Xray.uexp" 422
"../../../Engine/Content/VREditor/TransformGizmo/Main.uasset" 423
"../../../Engine/Content/VREditor/TransformGizmo/Main.uexp" 424
"../../../Engine/Content/VREditor/TransformGizmo/SM_Sequencer_Key.uasset" 425
"../../../Engine/Content/VREditor/TransformGizmo/SM_Sequencer_Key.uexp" 426
"../../../Engine/Content/VREditor/TransformGizmo/SM_Sequencer_Node.uasset" 427
"../../../Engine/Content/VREditor/TransformGizmo/SM_Sequencer_Node.uexp" 428
"../../../Engine/Plugins/2D/Paper2D/Content/PlaceholderTextures/DummySpriteTexture.uasset" 429
"../../../Engine/Plugins/2D/Paper2D/Content/PlaceholderTextures/DummySpriteTexture.uexp" 430
"../../../Engine/Plugins/2D/Paper2D/Content/PlaceholderTextures/DummySpriteTexture.ubulk" 431
"../../../Engine/Plugins/2D/Paper2D/Content/DummySprite.uasset" 432
"../../../Engine/Plugins/2D/Paper2D/Content/DummySprite.uexp" 433
"../../../Engine/Plugins/2D/Paper2D/Content/DefaultPaperTerrainMaterial.uasset" 434
"../../../Engine/Plugins/2D/Paper2D/Content/DefaultPaperTerrainMaterial.uexp" 435
"../../../Engine/Plugins/2D/Paper2D/Content/DefaultSpriteMaterial.uasset" 436
"../../../Engine/Plugins/2D/Paper2D/Content/DefaultSpriteMaterial.uexp" 437
"../../../Engine/Plugins/2D/Paper2D/Content/MaskedUnlitSpriteMaterial.uasset" 438
"../../../Engine/Plugins/2D/Paper2D/Content/MaskedUnlitSpriteMaterial.uexp" 439
"../../../Engine/Plugins/2D/Paper2D/Content/OpaqueUnlitSpriteMaterial.uasset" 440
"../../../Engine/Plugins/2D/Paper2D/Content/OpaqueUnlitSpriteMaterial.uexp" 441
"../../../Engine/Content/Functions/Engine_MaterialFunctions02/Utility/BreakOutFloat3Components.uasset" 442
"../../../Engine/Content/Functions/Engine_MaterialFunctions02/Utility/BreakOutFloat3Components.uexp" 443
"../../../Engine/Plugins/Editor/SpeedTreeImporter/Content/SpeedTree9/UnpackInteger3.uasset" 444
"../../../Engine/Plugins/Editor/SpeedTreeImporter/Content/SpeedTree9/UnpackInteger3.uexp" 445
"../../../Engine/Plugins/Editor/SpeedTreeImporter/Content/SpeedTree9/UnpackDirection.uasset" 446
"../../../Engine/Plugins/Editor/SpeedTreeImporter/Content/SpeedTree9/UnpackDirection.uexp" 447
"../../../Engine/Plugins/Editor/SpeedTreeImporter/Content/SpeedTree9/game_wind_noise.uasset" 448
"../../../Engine/Plugins/Editor/SpeedTreeImporter/Content/SpeedTree9/game_wind_noise.uexp" 449
"../../../Engine/Plugins/Editor/SpeedTreeImporter/Content/SpeedTree9/game_wind_noise.ubulk" 450
"../../../Engine/Content/Functions/Engine_MaterialFunctions02/SafeNormalize.uasset" 451
"../../../Engine/Content/Functions/Engine_MaterialFunctions02/SafeNormalize.uexp" 452
"../../../Engine/Plugins/Editor/SpeedTreeImporter/Content/SpeedTree9/SpeedTreeWindMotion.uasset" 453
"../../../Engine/Plugins/Editor/SpeedTreeImporter/Content/SpeedTree9/SpeedTreeWindMotion.uexp" 454
"../../../Engine/Plugins/Editor/SpeedTreeImporter/Content/SpeedTree9/SpeedTreeBranchMotion.uasset" 455
"../../../Engine/Plugins/Editor/SpeedTreeImporter/Content/SpeedTree9/SpeedTreeBranchMotion.uexp" 456
"../../../Engine/Content/Functions/Engine_MaterialFunctions02/ObjectLocalBounds.uasset" 457
"../../../Engine/Content/Functions/Engine_MaterialFunctions02/ObjectLocalBounds.uexp" 458
"../../../Engine/Content/Functions/Engine_MaterialFunctions02/UVs/BoundingBoxBased_0-1_UVW.uasset" 459
"../../../Engine/Content/Functions/Engine_MaterialFunctions02/UVs/BoundingBoxBased_0-1_UVW.uexp" 460
"../../../Engine/Content/Functions/Engine_MaterialFunctions02/Utility/VectorLength.uasset" 461
"../../../Engine/Content/Functions/Engine_MaterialFunctions02/Utility/VectorLength.uexp" 462
"../../../Engine/Content/Functions/Engine_MaterialFunctions02/WorldPositionOffset/ObjectScale.uasset" 463
"../../../Engine/Content/Functions/Engine_MaterialFunctions02/WorldPositionOffset/ObjectScale.uexp" 464
"../../../Engine/Plugins/Editor/SpeedTreeImporter/Content/SpeedTree9/SpeedTreeWind.uasset" 465
"../../../Engine/Plugins/Editor/SpeedTreeImporter/Content/SpeedTree9/SpeedTreeWind.uexp" 466
"../../../Engine/Plugins/Editor/SpeedTreeImporter/Content/SpeedTree9/SpeedTreeBillboard.uasset" 467
"../../../Engine/Plugins/Editor/SpeedTreeImporter/Content/SpeedTree9/SpeedTreeBillboard.uexp" 468
"../../../Engine/Plugins/Editor/SpeedTreeImporter/Content/SpeedTree9/EmptyNormal.uasset" 469
"../../../Engine/Plugins/Editor/SpeedTreeImporter/Content/SpeedTree9/EmptyNormal.uexp" 470
"../../../Engine/Plugins/Editor/SpeedTreeImporter/Content/SpeedTree9/Empty.uasset" 471
"../../../Engine/Plugins/Editor/SpeedTreeImporter/Content/SpeedTree9/Empty.uexp" 472
"../../../Engine/Plugins/Editor/SpeedTreeImporter/Content/SpeedTree9/SpeedTreeBillboardMaster.uasset" 473
"../../../Engine/Plugins/Editor/SpeedTreeImporter/Content/SpeedTree9/SpeedTreeBillboardMaster.uexp" 474
"../../../Engine/Plugins/Editor/SpeedTreeImporter/Content/SpeedTree9/SpeedTreeCameraFacing.uasset" 475
"../../../Engine/Plugins/Editor/SpeedTreeImporter/Content/SpeedTree9/SpeedTreeCameraFacing.uexp" 476
"../../../Engine/Plugins/Editor/SpeedTreeImporter/Content/SpeedTree9/SpeedTreeMaster.uasset" 477
"../../../Engine/Plugins/Editor/SpeedTreeImporter/Content/SpeedTree9/SpeedTreeMaster.uexp" 478
"../../../Engine/Plugins/Runtime/OpenXR/Content/Devices/GoogleDaydream/MRTexture.uasset" 479
"../../../Engine/Plugins/Runtime/OpenXR/Content/Devices/GoogleDaydream/MRTexture.uexp" 480
"../../../Engine/Plugins/Runtime/OpenXR/Content/Devices/GoogleDaydream/MRTexture.ubulk" 481
"../../../Engine/Plugins/Runtime/OpenXR/Content/Devices/GoogleDaydream/BaseTexture.uasset" 482
"../../../Engine/Plugins/Runtime/OpenXR/Content/Devices/GoogleDaydream/BaseTexture.uexp" 483
"../../../Engine/Plugins/Runtime/OpenXR/Content/Devices/GoogleDaydream/BaseTexture.ubulk" 484
"../../../Engine/Content/EngineResources/Black.uasset" 485
"../../../Engine/Content/EngineResources/Black.uexp" 486
"../../../Engine/Plugins/Runtime/OpenXR/Content/Devices/M_XRController.uasset" 487
"../../../Engine/Plugins/Runtime/OpenXR/Content/Devices/M_XRController.uexp" 488
"../../../Engine/Plugins/Runtime/OpenXR/Content/Devices/GoogleDaydream/MI_GoogleDaydream.uasset" 489
"../../../Engine/Plugins/Runtime/OpenXR/Content/Devices/GoogleDaydream/MI_GoogleDaydream.uexp" 490
"../../../Engine/Plugins/Runtime/OpenXR/Content/Devices/GoogleDaydream/GoogleDaydreamController.uasset" 491
"../../../Engine/Plugins/Runtime/OpenXR/Content/Devices/GoogleDaydream/GoogleDaydreamController.uexp" 492
"../../../Engine/Plugins/Runtime/OpenXR/Content/Devices/HTCVive/BaseTexture.uasset" 493
"../../../Engine/Plugins/Runtime/OpenXR/Content/Devices/HTCVive/BaseTexture.uexp" 494
"../../../Engine/Plugins/Runtime/OpenXR/Content/Devices/HTCVive/BaseTexture.ubulk" 495
"../../../Engine/Plugins/Runtime/OpenXR/Content/Devices/HTCVive/MI_HTCVive.uasset" 496
"../../../Engine/Plugins/Runtime/OpenXR/Content/Devices/HTCVive/MI_HTCVive.uexp" 497
"../../../Engine/Plugins/Runtime/OpenXR/Content/Devices/HTCVive/HTCViveController.uasset" 498
"../../../Engine/Plugins/Runtime/OpenXR/Content/Devices/HTCVive/HTCViveController.uexp" 499
"../../../Engine/Plugins/Runtime/OpenXR/Content/Devices/MicrosoftMixedReality/NormalTexture.uasset" 500
"../../../Engine/Plugins/Runtime/OpenXR/Content/Devices/MicrosoftMixedReality/NormalTexture.uexp" 501
"../../../Engine/Plugins/Runtime/OpenXR/Content/Devices/MicrosoftMixedReality/NormalTexture.ubulk" 502
"../../../Engine/Plugins/Runtime/OpenXR/Content/Devices/MicrosoftMixedReality/MRTexture.uasset" 503
"../../../Engine/Plugins/Runtime/OpenXR/Content/Devices/MicrosoftMixedReality/MRTexture.uexp" 504
"../../../Engine/Plugins/Runtime/OpenXR/Content/Devices/MicrosoftMixedReality/MRTexture.ubulk" 505
"../../../Engine/Plugins/Runtime/OpenXR/Content/Devices/MicrosoftMixedReality/EmissiveTexture.uasset" 506
"../../../Engine/Plugins/Runtime/OpenXR/Content/Devices/MicrosoftMixedReality/EmissiveTexture.uexp" 507
"../../../Engine/Plugins/Runtime/OpenXR/Content/Devices/MicrosoftMixedReality/EmissiveTexture.ubulk" 508
"../../../Engine/Plugins/Runtime/OpenXR/Content/Devices/MicrosoftMixedReality/BaseTexture.uasset" 509
"../../../Engine/Plugins/Runtime/OpenXR/Content/Devices/MicrosoftMixedReality/BaseTexture.uexp" 510
"../../../Engine/Plugins/Runtime/OpenXR/Content/Devices/MicrosoftMixedReality/BaseTexture.ubulk" 511
"../../../Engine/Plugins/Runtime/OpenXR/Content/Devices/MicrosoftMixedReality/MI_MicrosoftMixedReality.uasset" 512
"../../../Engine/Plugins/Runtime/OpenXR/Content/Devices/MicrosoftMixedReality/MI_MicrosoftMixedReality.uexp" 513
"../../../Engine/Plugins/Runtime/OpenXR/Content/Devices/MicrosoftMixedReality/Left/left_MicrosoftMixedRealityController.uasset" 514
"../../../Engine/Plugins/Runtime/OpenXR/Content/Devices/MicrosoftMixedReality/Left/left_MicrosoftMixedRealityController.uexp" 515
"../../../Engine/Plugins/Runtime/OpenXR/Content/Devices/MicrosoftMixedReality/Right/right_MicrosoftMixedRealityController.uasset" 516
"../../../Engine/Plugins/Runtime/OpenXR/Content/Devices/MicrosoftMixedReality/Right/right_MicrosoftMixedRealityController.uexp" 517
"../../../Engine/Plugins/Runtime/OpenXR/Content/Devices/OculusGo/BaseTexture.uasset" 518
"../../../Engine/Plugins/Runtime/OpenXR/Content/Devices/OculusGo/BaseTexture.uexp" 519
"../../../Engine/Plugins/Runtime/OpenXR/Content/Devices/OculusGo/BaseTexture.ubulk" 520
"../../../Engine/Plugins/Runtime/OpenXR/Content/Devices/OculusGo/MI_OculusGo.uasset" 521
"../../../Engine/Plugins/Runtime/OpenXR/Content/Devices/OculusGo/MI_OculusGo.uexp" 522
"../../../Engine/Plugins/Runtime/OpenXR/Content/Devices/OculusGo/OculusGoController.uasset" 523
"../../../Engine/Plugins/Runtime/OpenXR/Content/Devices/OculusGo/OculusGoController.uexp" 524
"../../../Engine/Plugins/Runtime/OpenXR/Content/Devices/OculusTouch/MRTexture.uasset" 525
"../../../Engine/Plugins/Runtime/OpenXR/Content/Devices/OculusTouch/MRTexture.uexp" 526
"../../../Engine/Plugins/Runtime/OpenXR/Content/Devices/OculusTouch/MRTexture.ubulk" 527
"../../../Engine/Plugins/Runtime/OpenXR/Content/Devices/OculusTouch/BaseTexture.uasset" 528
"../../../Engine/Plugins/Runtime/OpenXR/Content/Devices/OculusTouch/BaseTexture.uexp" 529
"../../../Engine/Plugins/Runtime/OpenXR/Content/Devices/OculusTouch/BaseTexture.ubulk" 530
"../../../Engine/Plugins/Runtime/OpenXR/Content/Devices/OculusTouch/MI_OculusTouch.uasset" 531
"../../../Engine/Plugins/Runtime/OpenXR/Content/Devices/OculusTouch/MI_OculusTouch.uexp" 532
"../../../Engine/Plugins/Runtime/OpenXR/Content/Devices/OculusTouch/Left/left_OculusTouchController.uasset" 533
"../../../Engine/Plugins/Runtime/OpenXR/Content/Devices/OculusTouch/Left/left_OculusTouchController.uexp" 534
"../../../Engine/Plugins/Runtime/OpenXR/Content/Devices/OculusTouch/Right/right_OculusTouchController.uasset" 535
"../../../Engine/Plugins/Runtime/OpenXR/Content/Devices/OculusTouch/Right/right_OculusTouchController.uexp" 536
"../../../Engine/Plugins/Runtime/OpenXR/Content/Devices/OculusTouch_v2/MRTexture.uasset" 537
"../../../Engine/Plugins/Runtime/OpenXR/Content/Devices/OculusTouch_v2/MRTexture.uexp" 538
"../../../Engine/Plugins/Runtime/OpenXR/Content/Devices/OculusTouch_v2/MRTexture.ubulk" 539
"../../../Engine/Plugins/Runtime/OpenXR/Content/Devices/OculusTouch_v2/BaseTexture.uasset" 540
"../../../Engine/Plugins/Runtime/OpenXR/Content/Devices/OculusTouch_v2/BaseTexture.uexp" 541
"../../../Engine/Plugins/Runtime/OpenXR/Content/Devices/OculusTouch_v2/BaseTexture.ubulk" 542
"../../../Engine/Plugins/Runtime/OpenXR/Content/Devices/OculusTouch_v2/MI_OculusTouch_v2.uasset" 543
"../../../Engine/Plugins/Runtime/OpenXR/Content/Devices/OculusTouch_v2/MI_OculusTouch_v2.uexp" 544
"../../../Engine/Plugins/Runtime/OpenXR/Content/Devices/OculusTouch_v2/Left/left_OculusTouch_v2Controller.uasset" 545
"../../../Engine/Plugins/Runtime/OpenXR/Content/Devices/OculusTouch_v2/Left/left_OculusTouch_v2Controller.uexp" 546
"../../../Engine/Plugins/Runtime/OpenXR/Content/Devices/OculusTouch_v2/Right/right_OculusTouch_v2Controller.uasset" 547
"../../../Engine/Plugins/Runtime/OpenXR/Content/Devices/OculusTouch_v2/Right/right_OculusTouch_v2Controller.uexp" 548
"../../../Engine/Plugins/Runtime/OpenXR/Content/Devices/OculusTouch_v3/MRTexture.uasset" 549
"../../../Engine/Plugins/Runtime/OpenXR/Content/Devices/OculusTouch_v3/MRTexture.uexp" 550
"../../../Engine/Plugins/Runtime/OpenXR/Content/Devices/OculusTouch_v3/MRTexture.ubulk" 551
"../../../Engine/Plugins/Runtime/OpenXR/Content/Devices/OculusTouch_v3/BaseTexture.uasset" 552
"../../../Engine/Plugins/Runtime/OpenXR/Content/Devices/OculusTouch_v3/BaseTexture.uexp" 553
"../../../Engine/Plugins/Runtime/OpenXR/Content/Devices/OculusTouch_v3/BaseTexture.ubulk" 554
"../../../Engine/Plugins/Runtime/OpenXR/Content/Devices/OculusTouch_v3/MI_OculusTouch_v3.uasset" 555
"../../../Engine/Plugins/Runtime/OpenXR/Content/Devices/OculusTouch_v3/MI_OculusTouch_v3.uexp" 556
"../../../Engine/Plugins/Runtime/OpenXR/Content/Devices/OculusTouch_v3/Left/left_OculusTouch_v3Controller.uasset" 557
"../../../Engine/Plugins/Runtime/OpenXR/Content/Devices/OculusTouch_v3/Left/left_OculusTouch_v3Controller.uexp" 558
"../../../Engine/Plugins/Runtime/OpenXR/Content/Devices/OculusTouch_v3/Right/right_OculusTouch_v3Controller.uasset" 559
"../../../Engine/Plugins/Runtime/OpenXR/Content/Devices/OculusTouch_v3/Right/right_OculusTouch_v3Controller.uexp" 560
"../../../Engine/Plugins/Runtime/OpenXR/Content/Devices/ValveIndex/MRTexture.uasset" 561
"../../../Engine/Plugins/Runtime/OpenXR/Content/Devices/ValveIndex/MRTexture.uexp" 562
"../../../Engine/Plugins/Runtime/OpenXR/Content/Devices/ValveIndex/MRTexture.ubulk" 563
"../../../Engine/Plugins/Runtime/OpenXR/Content/Devices/ValveIndex/BaseTexture.uasset" 564
"../../../Engine/Plugins/Runtime/OpenXR/Content/Devices/ValveIndex/BaseTexture.uexp" 565
"../../../Engine/Plugins/Runtime/OpenXR/Content/Devices/ValveIndex/BaseTexture.ubulk" 566
"../../../Engine/Plugins/Runtime/OpenXR/Content/Devices/ValveIndex/Left/MI_left_ValveIndex.uasset" 567
"../../../Engine/Plugins/Runtime/OpenXR/Content/Devices/ValveIndex/Left/MI_left_ValveIndex.uexp" 568
"../../../Engine/Plugins/Runtime/OpenXR/Content/Devices/ValveIndex/Left/left_ValveIndexController.uasset" 569
"../../../Engine/Plugins/Runtime/OpenXR/Content/Devices/ValveIndex/Left/left_ValveIndexController.uexp" 570
"../../../Engine/Plugins/Runtime/OpenXR/Content/Devices/ValveIndex/Right/MI_right_ValveIndex.uasset" 571
"../../../Engine/Plugins/Runtime/OpenXR/Content/Devices/ValveIndex/Right/MI_right_ValveIndex.uexp" 572
"../../../Engine/Plugins/Runtime/OpenXR/Content/Devices/ValveIndex/Right/right_ValveIndexController.uasset" 573
"../../../Engine/Plugins/Runtime/OpenXR/Content/Devices/ValveIndex/Right/right_ValveIndexController.uexp" 574
"../../../Engine/Content/BasicShapes/Cylinder.uasset" 575
"../../../Engine/Content/BasicShapes/Cylinder.uexp" 576
"../../../Engine/Content/ArtTools/RenderToTexture/Materials/Debug/M_Emissive_Color.uasset" 577
"../../../Engine/Content/ArtTools/RenderToTexture/Materials/Debug/M_Emissive_Color.uexp" 578
"../../../Engine/Plugins/Lumin/MagicLeapPassableWorld/Content/MagicLeapARPinInfoActor.uasset" 579
"../../../Engine/Plugins/Lumin/MagicLeapPassableWorld/Content/MagicLeapARPinInfoActor.uexp" 580
"../../../Engine/Content/Functions/Engine_MaterialFunctions02/Utility/BreakOutFloat4Components.uasset" 581
"../../../Engine/Content/Functions/Engine_MaterialFunctions02/Utility/BreakOutFloat4Components.uexp" 582
"../../../Engine/Content/Functions/Engine_MaterialFunctions02/Utility/MakeFloat3.uasset" 583
"../../../Engine/Content/Functions/Engine_MaterialFunctions02/Utility/MakeFloat3.uexp" 584
"../../../Engine/Plugins/Runtime/Oculus/OculusVR/Content/Materials/OculusMR_ChromaKey.uasset" 585
"../../../Engine/Plugins/Runtime/Oculus/OculusVR/Content/Materials/OculusMR_ChromaKey.uexp" 586
"../../../Engine/Plugins/Runtime/Oculus/OculusVR/Content/Materials/OculusMR_OpaqueColoredMaterial.uasset" 587
"../../../Engine/Plugins/Runtime/Oculus/OculusVR/Content/Materials/OculusMR_OpaqueColoredMaterial.uexp" 588
"../../../Engine/Plugins/Runtime/Oculus/OculusVR/Content/Materials/PokeAHoleMaterial.uasset" 589
"../../../Engine/Plugins/Runtime/Oculus/OculusVR/Content/Materials/PokeAHoleMaterial.uexp" 590
"../../../Engine/Plugins/Runtime/Oculus/OculusVR/Content/Textures/touchController_controlmap.uasset" 591
"../../../Engine/Plugins/Runtime/Oculus/OculusVR/Content/Textures/touchController_controlmap.uexp" 592
"../../../Engine/Plugins/Runtime/Oculus/OculusVR/Content/Textures/touchController_controlmap.ubulk" 593
"../../../Engine/Plugins/Runtime/Oculus/OculusVR/Content/Textures/touchController_albedo.uasset" 594
"../../../Engine/Plugins/Runtime/Oculus/OculusVR/Content/Textures/touchController_albedo.uexp" 595
"../../../Engine/Plugins/Runtime/Oculus/OculusVR/Content/Textures/touchController_albedo.ubulk" 596
"../../../Engine/Plugins/Runtime/Oculus/OculusVR/Content/Materials/touchController_mat.uasset" 597
"../../../Engine/Plugins/Runtime/Oculus/OculusVR/Content/Materials/touchController_mat.uexp" 598
"../../../Engine/Plugins/Runtime/Oculus/OculusVR/Content/Meshes/LeftTouchController.uasset" 599
"../../../Engine/Plugins/Runtime/Oculus/OculusVR/Content/Meshes/LeftTouchController.uexp" 600
"../../../Engine/Plugins/Runtime/Oculus/OculusVR/Content/Textures/TouchForQuestRiftSController_albedo.uasset" 601
"../../../Engine/Plugins/Runtime/Oculus/OculusVR/Content/Textures/TouchForQuestRiftSController_albedo.uexp" 602
"../../../Engine/Plugins/Runtime/Oculus/OculusVR/Content/Textures/TouchForQuestRiftSController_albedo.ubulk" 603
"../../../Engine/Plugins/Runtime/Oculus/OculusVR/Content/Materials/TouchForQuestRiftSControllerMaterial.uasset" 604
"../../../Engine/Plugins/Runtime/Oculus/OculusVR/Content/Materials/TouchForQuestRiftSControllerMaterial.uexp" 605
"../../../Engine/Plugins/Runtime/Oculus/OculusVR/Content/Meshes/LeftTouchForQuestRiftSController.uasset" 606
"../../../Engine/Plugins/Runtime/Oculus/OculusVR/Content/Meshes/LeftTouchForQuestRiftSController.uexp" 607
"../../../Engine/Plugins/Runtime/Oculus/OculusVR/Content/Meshes/RiftHMD.uasset" 608
"../../../Engine/Plugins/Runtime/Oculus/OculusVR/Content/Meshes/RiftHMD.uexp" 609
"../../../Engine/Plugins/Runtime/Oculus/OculusVR/Content/Meshes/RightTouchController.uasset" 610
"../../../Engine/Plugins/Runtime/Oculus/OculusVR/Content/Meshes/RightTouchController.uexp" 611
"../../../Engine/Plugins/Runtime/Oculus/OculusVR/Content/Meshes/RightTouchForQuestRiftSController.uasset" 612
"../../../Engine/Plugins/Runtime/Oculus/OculusVR/Content/Meshes/RightTouchForQuestRiftSController.uexp" 613
"C:/Users/Hoang/Documents/Unreal Projects/netWork_TH/Content/UI/MainMenu/testGameInstance.uasset" 614
"C:/Users/Hoang/Documents/Unreal Projects/netWork_TH/Content/UI/MainMenu/testGameInstance.uexp" 615
"C:/Users/Hoang/Documents/Unreal Projects/netWork_TH/Content/UI/MainMenu/W_ServerSlot.uasset" 616
"C:/Users/Hoang/Documents/Unreal Projects/netWork_TH/Content/UI/MainMenu/W_ServerSlot.uexp" 617
"C:/Users/Hoang/Documents/Unreal Projects/netWork_TH/Content/UI/MainMenu/W_ServerBrowser.uasset" 618
"C:/Users/Hoang/Documents/Unreal Projects/netWork_TH/Content/UI/MainMenu/W_ServerBrowser.uexp" 619
"C:/Users/Hoang/Documents/Unreal Projects/netWork_TH/Content/StarterContent/Textures/T_Chair_M.uasset" 620
"C:/Users/Hoang/Documents/Unreal Projects/netWork_TH/Content/StarterContent/Textures/T_Chair_M.uexp" 621
"C:/Users/Hoang/Documents/Unreal Projects/netWork_TH/Content/StarterContent/Textures/T_Chair_M.ubulk" 622
"C:/Users/Hoang/Documents/Unreal Projects/netWork_TH/Content/StarterContent/Textures/T_CobbleStone_Pebble_D.uasset" 623
"C:/Users/Hoang/Documents/Unreal Projects/netWork_TH/Content/StarterContent/Textures/T_CobbleStone_Pebble_D.uexp" 624
"C:/Users/Hoang/Documents/Unreal Projects/netWork_TH/Content/StarterContent/Textures/T_CobbleStone_Pebble_D.ubulk" 625
"C:/Users/Hoang/Documents/Unreal Projects/netWork_TH/Content/StarterContent/Textures/T_Ceramic_Tile_M.uasset" 626
"C:/Users/Hoang/Documents/Unreal Projects/netWork_TH/Content/StarterContent/Textures/T_Ceramic_Tile_M.uexp" 627
"C:/Users/Hoang/Documents/Unreal Projects/netWork_TH/Content/StarterContent/Textures/T_Ceramic_Tile_M.ubulk" 628
"C:/Users/Hoang/Documents/Unreal Projects/netWork_TH/Content/Blueprints/AllLevels/PlayerInfo.uasset" 629
"C:/Users/Hoang/Documents/Unreal Projects/netWork_TH/Content/Blueprints/AllLevels/PlayerInfo.uexp" 630
"C:/Users/Hoang/Documents/Unreal Projects/netWork_TH/Content/Blueprints/AllLevels/PlayerSaveGame.uasset" 631
"C:/Users/Hoang/Documents/Unreal Projects/netWork_TH/Content/Blueprints/AllLevels/PlayerSaveGame.uexp" 632
"C:/Users/Hoang/Documents/Unreal Projects/netWork_TH/Content/UI/MainMenu/OptionsMenu.uasset" 633
"C:/Users/Hoang/Documents/Unreal Projects/netWork_TH/Content/UI/MainMenu/OptionsMenu.uexp" 634
"C:/Users/Hoang/Documents/Unreal Projects/netWork_TH/Content/UI/MainMenu/HostMenu.uasset" 635
"C:/Users/Hoang/Documents/Unreal Projects/netWork_TH/Content/UI/MainMenu/HostMenu.uexp" 636
"C:/Users/Hoang/Documents/Unreal Projects/netWork_TH/Content/UI/AllLevels/LoadingScreen.uasset" 637
"C:/Users/Hoang/Documents/Unreal Projects/netWork_TH/Content/UI/AllLevels/LoadingScreen.uexp" 638
"C:/Users/Hoang/Documents/Unreal Projects/netWork_TH/Content/Blueprints/AllLevels/GameInfoInstance.uasset" 639
"C:/Users/Hoang/Documents/Unreal Projects/netWork_TH/Content/Blueprints/AllLevels/GameInfoInstance.uexp" 640
"C:/Users/Hoang/Documents/Unreal Projects/netWork_TH/Content/UI/MainMenu/MainMenu.uasset" 641
"C:/Users/Hoang/Documents/Unreal Projects/netWork_TH/Content/UI/MainMenu/MainMenu.uexp" 642
"C:/Users/Hoang/Documents/Unreal Projects/netWork_TH/Content/Maps/MainMenu.uexp" 643
"C:/Users/Hoang/Documents/Unreal Projects/netWork_TH/Content/Maps/MainMenu.umap" 644
"C:/Users/Hoang/Documents/Unreal Projects/netWork_TH/Content/Maps/TravelMap.uexp" 645
"C:/Users/Hoang/Documents/Unreal Projects/netWork_TH/Content/Maps/TravelMap.umap" 646
"C:/Users/Hoang/Documents/Unreal Projects/netWork_TH/Content/ThirdPersonBP/Maps/ThirdPersonExampleMap_BuiltData.uasset" 647
"C:/Users/Hoang/Documents/Unreal Projects/netWork_TH/Content/ThirdPersonBP/Maps/ThirdPersonExampleMap_BuiltData.uexp" 648
"C:/Users/Hoang/Documents/Unreal Projects/netWork_TH/Content/ThirdPersonBP/Maps/ThirdPersonExampleMap_BuiltData.ubulk" 649
"C:/Users/Hoang/Documents/Unreal Projects/netWork_TH/Content/ThirdPerson/Meshes/RampMaterial.uasset" 650
"C:/Users/Hoang/Documents/Unreal Projects/netWork_TH/Content/ThirdPerson/Meshes/RampMaterial.uexp" 651
"C:/Users/Hoang/Documents/Unreal Projects/netWork_TH/Content/ThirdPerson/Meshes/RightArm_StaticMesh.uasset" 652
"C:/Users/Hoang/Documents/Unreal Projects/netWork_TH/Content/ThirdPerson/Meshes/RightArm_StaticMesh.uexp" 653
"C:/Users/Hoang/Documents/Unreal Projects/netWork_TH/Content/ThirdPerson/Meshes/Ramp_StaticMesh.uasset" 654
"C:/Users/Hoang/Documents/Unreal Projects/netWork_TH/Content/ThirdPerson/Meshes/Ramp_StaticMesh.uexp" 655
"C:/Users/Hoang/Documents/Unreal Projects/netWork_TH/Content/ThirdPerson/Meshes/Linear_Stair_StaticMesh.uasset" 656
"C:/Users/Hoang/Documents/Unreal Projects/netWork_TH/Content/ThirdPerson/Meshes/Linear_Stair_StaticMesh.uexp" 657
"C:/Users/Hoang/Documents/Unreal Projects/netWork_TH/Content/ThirdPerson/Meshes/LeftArm_StaticMesh.uasset" 658
"C:/Users/Hoang/Documents/Unreal Projects/netWork_TH/Content/ThirdPerson/Meshes/LeftArm_StaticMesh.uexp" 659
"C:/Users/Hoang/Documents/Unreal Projects/netWork_TH/Content/ThirdPerson/Meshes/Bump_StaticMesh.uasset" 660
"C:/Users/Hoang/Documents/Unreal Projects/netWork_TH/Content/ThirdPerson/Meshes/Bump_StaticMesh.uexp" 661
"C:/Users/Hoang/Documents/Unreal Projects/netWork_TH/Content/Geometry/Meshes/CubeMaterial.uasset" 662
"C:/Users/Hoang/Documents/Unreal Projects/netWork_TH/Content/Geometry/Meshes/CubeMaterial.uexp" 663
"C:/Users/Hoang/Documents/Unreal Projects/netWork_TH/Content/Geometry/Meshes/TemplateFloor.uasset" 664
"C:/Users/Hoang/Documents/Unreal Projects/netWork_TH/Content/Geometry/Meshes/TemplateFloor.uexp" 665
"C:/Users/Hoang/Documents/Unreal Projects/netWork_TH/Content/Geometry/Meshes/1M_Cube_Chamfer.uasset" 666
"C:/Users/Hoang/Documents/Unreal Projects/netWork_TH/Content/Geometry/Meshes/1M_Cube_Chamfer.uexp" 667
"C:/Users/Hoang/Documents/Unreal Projects/netWork_TH/Content/Geometry/Meshes/1M_Cube.uasset" 668
"C:/Users/Hoang/Documents/Unreal Projects/netWork_TH/Content/Geometry/Meshes/1M_Cube.uexp" 669
"../../../Engine/Content/EngineSky/T_Sky_Stars.uasset" 670
"../../../Engine/Content/EngineSky/T_Sky_Stars.uexp" 671
"../../../Engine/Content/EngineSky/T_Sky_Stars.ubulk" 672
"../../../Engine/Content/EngineSky/T_Sky_Clouds_M.uasset" 673
"../../../Engine/Content/EngineSky/T_Sky_Clouds_M.uexp" 674
"../../../Engine/Content/EngineSky/T_Sky_Clouds_M.ubulk" 675
"../../../Engine/Content/EngineSky/T_Sky_Blue.uasset" 676
"../../../Engine/Content/EngineSky/T_Sky_Blue.uexp" 677
"../../../Engine/Content/EngineSky/T_Sky_Blue.ubulk" 678
"../../../Engine/Content/EngineSky/M_Sky_Panning_Clouds2.uasset" 679
"../../../Engine/Content/EngineSky/M_Sky_Panning_Clouds2.uexp" 680
"../../../Engine/Content/EngineSky/C_Sky_Zenith_Color.uasset" 681
"../../../Engine/Content/EngineSky/C_Sky_Zenith_Color.uexp" 682
"../../../Engine/Content/EngineSky/C_Sky_Horizon_Color.uasset" 683
"../../../Engine/Content/EngineSky/C_Sky_Horizon_Color.uexp" 684
"../../../Engine/Content/EngineSky/C_Sky_Cloud_Color.uasset" 685
"../../../Engine/Content/EngineSky/C_Sky_Cloud_Color.uexp" 686
"../../../Engine/Content/EngineSky/SM_SkySphere.uasset" 687
"../../../Engine/Content/EngineSky/SM_SkySphere.uexp" 688
"../../../Engine/Content/EngineSky/BP_Sky_Sphere.uasset" 689
"../../../Engine/Content/EngineSky/BP_Sky_Sphere.uexp" 690
"C:/Users/Hoang/Documents/Unreal Projects/netWork_TH/Content/ThirdPersonBP/Maps/ThirdPersonExampleMap.uexp" 691
"C:/Users/Hoang/Documents/Unreal Projects/netWork_TH/Content/ThirdPersonBP/Maps/ThirdPersonExampleMap.umap" 692
